<?xml version="1.0" encoding="UTF-8"?>
<!-- Generated by org.testng.reporters.JUnitReportReporter -->
<testsuite hostname="APL-5CD50836R0" failures="0" tests="1" name="runner.testRunner" time="8.451" errors="1" timestamp="2026-04-15T12:17:00 IST" skipped="0">
  <testcase classname="runner.testRunner" name="runScenario" time="8.451">
    <error message="TODO: implement me" type="io.cucumber.java.PendingException">
      <![CDATA[io.cucumber.java.PendingException: TODO: implement me
at testdefinitions.CreateEventStepDef.user_clicks_on_create_event_button(CreateEventStepDef.java:44)
at ✽.user clicks on create event button(file:///C:/Users/PR20586952/Documents/GitHub/Digital-Event-Management-Platform-/backend/DEMP/src/test/resources/features/createEvent.feature:7)
]]>
    </error>
  </testcase> <!-- runScenario -->
</testsuite> <!-- runner.testRunner -->
