<?xml version="1.0" encoding="UTF-8"?>
<testng-results ignored="0" total="1" passed="0" failed="1" skipped="0">
  <reporter-output>
  </reporter-output>
  <suite started-at="2026-04-15T12:16:50 IST" name="Default suite" finished-at="2026-04-15T12:17:00 IST" duration-ms="9815">
    <groups>
      <group name="cucumber">
        <method signature="AbstractTestNGCucumberTests.runScenario(io.cucumber.testng.PickleWrapper,io.cucumber.testng.FeatureWrapper)[pri:0, instance:runner.testRunner@bf1ec20]" name="runScenario" class="io.cucumber.testng.AbstractTestNGCucumberTests"/>
      </group> <!-- cucumber -->
    </groups>
    <test started-at="2026-04-15T12:16:50 IST" name="Default test" finished-at="2026-04-15T12:17:00 IST" duration-ms="9815">
      <class name="runner.testRunner">
        <test-method is-config="true" signature="setUpClass(org.testng.ITestContext)[pri:0, instance:runner.testRunner@bf1ec20]" started-at="2026-04-15T12:16:50 IST" name="setUpClass" finished-at="2026-04-15T12:16:51 IST" duration-ms="860" status="PASS">
          <params>
            <param index="0">
              <value>
                <![CDATA[org.testng.TestRunner@6d5f4900]]>
              </value>
            </param>
          </params>
          <reporter-output>
          </reporter-output>
        </test-method> <!-- setUpClass -->
        <test-method signature="runScenario(io.cucumber.testng.PickleWrapper,io.cucumber.testng.FeatureWrapper)[pri:0, instance:runner.testRunner@bf1ec20]" started-at="2026-04-15T12:16:51 IST" name="runScenario" description="Runs Cucumber Scenarios" data-provider="scenarios" finished-at="2026-04-15T12:16:59 IST" duration-ms="8451" status="FAIL">
          <params>
            <param index="0">
              <value>
                <![CDATA["creating event is successful"]]>
              </value>
            </param>
            <param index="1">
              <value>
                <![CDATA["create event"]]>
              </value>
            </param>
          </params>
          <exception class="io.cucumber.java.PendingException">
            <message>
              <![CDATA[TODO: implement me]]>
            </message>
            <full-stacktrace>
              <![CDATA[io.cucumber.java.PendingException: TODO: implement me
at testdefinitions.CreateEventStepDef.user_clicks_on_create_event_button(CreateEventStepDef.java:44)
at ✽.user clicks on create event button(file:///C:/Users/PR20586952/Documents/GitHub/Digital-Event-Management-Platform-/backend/DEMP/src/test/resources/features/createEvent.feature:7)
]]>
            </full-stacktrace>
          </exception> <!-- io.cucumber.java.PendingException -->
          <reporter-output>
          </reporter-output>
        </test-method> <!-- runScenario -->
        <test-method is-config="true" signature="tearDownClass()[pri:0, instance:runner.testRunner@bf1ec20]" started-at="2026-04-15T12:17:00 IST" name="tearDownClass" finished-at="2026-04-15T12:17:00 IST" duration-ms="365" status="PASS">
          <reporter-output>
          </reporter-output>
        </test-method> <!-- tearDownClass -->
      </class> <!-- runner.testRunner -->
    </test> <!-- Default test -->
  </suite> <!-- Default suite -->
</testng-results>
