<?xml version="1.0" encoding="UTF-8"?>
<!-- Generated by org.testng.reporters.JUnitXMLReporter -->
<testsuite ignored="0" hostname="APL-5CD50836R0" failures="1" tests="1" name="Default test" time="9.815" errors="0" timestamp="2026-04-15T12:17:00 IST">
  <testcase classname="io.cucumber.testng.AbstractTestNGCucumberTests" name="runScenario" time="8.451">
    <failure type="io.cucumber.java.PendingException" message="TODO: implement me">
      <![CDATA[io.cucumber.java.PendingException: TODO: implement me
at testdefinitions.CreateEventStepDef.user_clicks_on_create_event_button(CreateEventStepDef.java:44)
at ✽.user clicks on create event button(file:///C:/Users/PR20586952/Documents/GitHub/Digital-Event-Management-Platform-/backend/DEMP/src/test/resources/features/createEvent.feature:7)
]]>
    </failure>
  </testcase> <!-- runScenario -->
</testsuite> <!-- Default test -->
